<?xml version="1.0" encoding="UTF-8"?>
<testsuite xmlns:xsi="http://www.w3.org/2001/XMLSchema-instance" xsi:noNamespaceSchemaLocation="https://maven.apache.org/surefire/maven-surefire-plugin/xsd/surefire-test-report-3.0.xsd" version="3.0" name="com.mybatisflex.demo.Proj240202ApplicationTests" time="5.316" tests="1" errors="0" skipped="0" failures="0">
  <properties>
    <property name="java.specification.version" value="21"/>
    <property name="sun.cpu.isalist" value="amd64"/>
    <property name="sun.jnu.encoding" value="GBK"/>
    <property name="java.class.path" value="D:\Projects\springboot\Saved\proj-240310\target\test-classes;D:\Projects\springboot\Saved\proj-240310\target\classes;D:\CodeEnvironments\Apache\Maven\Maven-3.9.4\repository\org\springframework\boot\spring-boot-starter-web\3.2.2\spring-boot-starter-web-3.2.2.jar;D:\CodeEnvironments\Apache\Maven\Maven-3.9.4\repository\org\springframework\boot\spring-boot-starter\3.2.2\spring-boot-starter-3.2.2.jar;D:\CodeEnvironments\Apache\Maven\Maven-3.9.4\repository\org\springframework\boot\spring-boot\3.2.2\spring-boot-3.2.2.jar;D:\CodeEnvironments\Apache\Maven\Maven-3.9.4\repository\org\springframework\boot\spring-boot-autoconfigure\3.2.2\spring-boot-autoconfigure-3.2.2.jar;D:\CodeEnvironments\Apache\Maven\Maven-3.9.4\repository\org\springframework\boot\spring-boot-starter-logging\3.2.2\spring-boot-starter-logging-3.2.2.jar;D:\CodeEnvironments\Apache\Maven\Maven-3.9.4\repository\ch\qos\logback\logback-classic\1.4.14\logback-classic-1.4.14.jar;D:\CodeEnvironments\Apache\Maven\Maven-3.9.4\repository\ch\qos\logback\logback-core\1.4.14\logback-core-1.4.14.jar;D:\CodeEnvironments\Apache\Maven\Maven-3.9.4\repository\org\apache\logging\log4j\log4j-to-slf4j\2.21.1\log4j-to-slf4j-2.21.1.jar;D:\CodeEnvironments\Apache\Maven\Maven-3.9.4\repository\org\apache\logging\log4j\log4j-api\2.21.1\log4j-api-2.21.1.jar;D:\CodeEnvironments\Apache\Maven\Maven-3.9.4\repository\org\slf4j\jul-to-slf4j\2.0.11\jul-to-slf4j-2.0.11.jar;D:\CodeEnvironments\Apache\Maven\Maven-3.9.4\repository\jakarta\annotation\jakarta.annotation-api\2.1.1\jakarta.annotation-api-2.1.1.jar;D:\CodeEnvironments\Apache\Maven\Maven-3.9.4\repository\org\yaml\snakeyaml\2.2\snakeyaml-2.2.jar;D:\CodeEnvironments\Apache\Maven\Maven-3.9.4\repository\org\springframework\boot\spring-boot-starter-json\3.2.2\spring-boot-starter-json-3.2.2.jar;D:\CodeEnvironments\Apache\Maven\Maven-3.9.4\repository\com\fasterxml\jackson\datatype\jackson-datatype-jdk8\2.15.3\jackson-datatype-jdk8-2.15.3.jar;D:\CodeEnvironments\Apache\Maven\Maven-3.9.4\repository\com\fasterxml\jackson\datatype\jackson-datatype-jsr310\2.15.3\jackson-datatype-jsr310-2.15.3.jar;D:\CodeEnvironments\Apache\Maven\Maven-3.9.4\repository\com\fasterxml\jackson\module\jackson-module-parameter-names\2.15.3\jackson-module-parameter-names-2.15.3.jar;D:\CodeEnvironments\Apache\Maven\Maven-3.9.4\repository\org\springframework\boot\spring-boot-starter-tomcat\3.2.2\spring-boot-starter-tomcat-3.2.2.jar;D:\CodeEnvironments\Apache\Maven\Maven-3.9.4\repository\org\apache\tomcat\embed\tomcat-embed-core\10.1.18\tomcat-embed-core-10.1.18.jar;D:\CodeEnvironments\Apache\Maven\Maven-3.9.4\repository\org\apache\tomcat\embed\tomcat-embed-el\10.1.18\tomcat-embed-el-10.1.18.jar;D:\CodeEnvironments\Apache\Maven\Maven-3.9.4\repository\org\apache\tomcat\embed\tomcat-embed-websocket\10.1.18\tomcat-embed-websocket-10.1.18.jar;D:\CodeEnvironments\Apache\Maven\Maven-3.9.4\repository\org\springframework\spring-web\6.1.3\spring-web-6.1.3.jar;D:\CodeEnvironments\Apache\Maven\Maven-3.9.4\repository\org\springframework\spring-beans\6.1.3\spring-beans-6.1.3.jar;D:\CodeEnvironments\Apache\Maven\Maven-3.9.4\repository\org\springframework\spring-webmvc\6.1.3\spring-webmvc-6.1.3.jar;D:\CodeEnvironments\Apache\Maven\Maven-3.9.4\repository\org\springframework\spring-aop\6.1.3\spring-aop-6.1.3.jar;D:\CodeEnvironments\Apache\Maven\Maven-3.9.4\repository\org\springframework\spring-context\6.1.3\spring-context-6.1.3.jar;D:\CodeEnvironments\Apache\Maven\Maven-3.9.4\repository\org\springframework\spring-expression\6.1.3\spring-expression-6.1.3.jar;D:\CodeEnvironments\Apache\Maven\Maven-3.9.4\repository\com\mysql\mysql-connector-j\8.3.0\mysql-connector-j-8.3.0.jar;D:\CodeEnvironments\Apache\Maven\Maven-3.9.4\repository\org\projectlombok\lombok\1.18.30\lombok-1.18.30.jar;D:\CodeEnvironments\Apache\Maven\Maven-3.9.4\repository\org\springframework\boot\spring-boot-starter-test\3.2.2\spring-boot-starter-test-3.2.2.jar;D:\CodeEnvironments\Apache\Maven\Maven-3.9.4\repository\org\springframework\boot\spring-boot-test\3.2.2\spring-boot-test-3.2.2.jar;D:\CodeEnvironments\Apache\Maven\Maven-3.9.4\repository\org\springframework\boot\spring-boot-test-autoconfigure\3.2.2\spring-boot-test-autoconfigure-3.2.2.jar;D:\CodeEnvironments\Apache\Maven\Maven-3.9.4\repository\com\jayway\jsonpath\json-path\2.8.0\json-path-2.8.0.jar;D:\CodeEnvironments\Apache\Maven\Maven-3.9.4\repository\jakarta\xml\bind\jakarta.xml.bind-api\4.0.1\jakarta.xml.bind-api-4.0.1.jar;D:\CodeEnvironments\Apache\Maven\Maven-3.9.4\repository\jakarta\activation\jakarta.activation-api\2.1.2\jakarta.activation-api-2.1.2.jar;D:\CodeEnvironments\Apache\Maven\Maven-3.9.4\repository\net\minidev\json-smart\2.5.0\json-smart-2.5.0.jar;D:\CodeEnvironments\Apache\Maven\Maven-3.9.4\repository\net\minidev\accessors-smart\2.5.0\accessors-smart-2.5.0.jar;D:\CodeEnvironments\Apache\Maven\Maven-3.9.4\repository\org\ow2\asm\asm\9.3\asm-9.3.jar;D:\CodeEnvironments\Apache\Maven\Maven-3.9.4\repository\org\assertj\assertj-core\3.24.2\assertj-core-3.24.2.jar;D:\CodeEnvironments\Apache\Maven\Maven-3.9.4\repository\net\bytebuddy\byte-buddy\1.14.11\byte-buddy-1.14.11.jar;D:\CodeEnvironments\Apache\Maven\Maven-3.9.4\repository\org\awaitility\awaitility\4.2.0\awaitility-4.2.0.jar;D:\CodeEnvironments\Apache\Maven\Maven-3.9.4\repository\org\hamcrest\hamcrest\2.2\hamcrest-2.2.jar;D:\CodeEnvironments\Apache\Maven\Maven-3.9.4\repository\org\junit\jupiter\junit-jupiter\5.10.1\junit-jupiter-5.10.1.jar;D:\CodeEnvironments\Apache\Maven\Maven-3.9.4\repository\org\junit\jupiter\junit-jupiter-api\5.10.1\junit-jupiter-api-5.10.1.jar;D:\CodeEnvironments\Apache\Maven\Maven-3.9.4\repository\org\opentest4j\opentest4j\1.3.0\opentest4j-1.3.0.jar;D:\CodeEnvironments\Apache\Maven\Maven-3.9.4\repository\org\junit\platform\junit-platform-commons\1.10.1\junit-platform-commons-1.10.1.jar;D:\CodeEnvironments\Apache\Maven\Maven-3.9.4\repository\org\apiguardian\apiguardian-api\1.1.2\apiguardian-api-1.1.2.jar;D:\CodeEnvironments\Apache\Maven\Maven-3.9.4\repository\org\junit\jupiter\junit-jupiter-params\5.10.1\junit-jupiter-params-5.10.1.jar;D:\CodeEnvironments\Apache\Maven\Maven-3.9.4\repository\org\junit\jupiter\junit-jupiter-engine\5.10.1\junit-jupiter-engine-5.10.1.jar;D:\CodeEnvironments\Apache\Maven\Maven-3.9.4\repository\org\junit\platform\junit-platform-engine\1.10.1\junit-platform-engine-1.10.1.jar;D:\CodeEnvironments\Apache\Maven\Maven-3.9.4\repository\org\mockito\mockito-core\5.7.0\mockito-core-5.7.0.jar;D:\CodeEnvironments\Apache\Maven\Maven-3.9.4\repository\net\bytebuddy\byte-buddy-agent\1.14.11\byte-buddy-agent-1.14.11.jar;D:\CodeEnvironments\Apache\Maven\Maven-3.9.4\repository\org\objenesis\objenesis\3.3\objenesis-3.3.jar;D:\CodeEnvironments\Apache\Maven\Maven-3.9.4\repository\org\mockito\mockito-junit-jupiter\5.7.0\mockito-junit-jupiter-5.7.0.jar;D:\CodeEnvironments\Apache\Maven\Maven-3.9.4\repository\org\skyscreamer\jsonassert\1.5.1\jsonassert-1.5.1.jar;D:\CodeEnvironments\Apache\Maven\Maven-3.9.4\repository\com\vaadin\external\google\android-json\0.0.20131108.vaadin1\android-json-0.0.20131108.vaadin1.jar;D:\CodeEnvironments\Apache\Maven\Maven-3.9.4\repository\org\springframework\spring-core\6.1.3\spring-core-6.1.3.jar;D:\CodeEnvironments\Apache\Maven\Maven-3.9.4\repository\org\springframework\spring-jcl\6.1.3\spring-jcl-6.1.3.jar;D:\CodeEnvironments\Apache\Maven\Maven-3.9.4\repository\org\springframework\spring-test\6.1.3\spring-test-6.1.3.jar;D:\CodeEnvironments\Apache\Maven\Maven-3.9.4\repository\org\xmlunit\xmlunit-core\2.9.1\xmlunit-core-2.9.1.jar;D:\CodeEnvironments\Apache\Maven\Maven-3.9.4\repository\com\mybatis-flex\mybatis-flex-spring-boot3-starter\1.7.8\mybatis-flex-spring-boot3-starter-1.7.8.jar;D:\CodeEnvironments\Apache\Maven\Maven-3.9.4\repository\com\mybatis-flex\mybatis-flex-spring-boot-starter\1.7.8\mybatis-flex-spring-boot-starter-1.7.8.jar;D:\CodeEnvironments\Apache\Maven\Maven-3.9.4\repository\com\mybatis-flex\mybatis-flex-spring\1.7.8\mybatis-flex-spring-1.7.8.jar;D:\CodeEnvironments\Apache\Maven\Maven-3.9.4\repository\org\springframework\spring-context-support\6.1.3\spring-context-support-6.1.3.jar;D:\CodeEnvironments\Apache\Maven\Maven-3.9.4\repository\org\springframework\spring-jdbc\6.1.3\spring-jdbc-6.1.3.jar;D:\CodeEnvironments\Apache\Maven\Maven-3.9.4\repository\org\springframework\spring-tx\6.1.3\spring-tx-6.1.3.jar;D:\CodeEnvironments\Apache\Maven\Maven-3.9.4\repository\com\mybatis-flex\mybatis-flex-core\1.7.8\mybatis-flex-core-1.7.8.jar;D:\CodeEnvironments\Apache\Maven\Maven-3.9.4\repository\com\mybatis-flex\mybatis-flex-annotation\1.7.8\mybatis-flex-annotation-1.7.8.jar;D:\CodeEnvironments\Apache\Maven\Maven-3.9.4\repository\com\mybatis-flex\mybatis-flex-processor\1.7.8\mybatis-flex-processor-1.7.8.jar;D:\CodeEnvironments\Apache\Maven\Maven-3.9.4\repository\org\mybatis\mybatis\3.5.15\mybatis-3.5.15.jar;D:\CodeEnvironments\Apache\Maven\Maven-3.9.4\repository\org\mybatis\mybatis-spring\3.0.3\mybatis-spring-3.0.3.jar;D:\CodeEnvironments\Apache\Maven\Maven-3.9.4\repository\com\zaxxer\HikariCP\5.0.1\HikariCP-5.0.1.jar;D:\CodeEnvironments\Apache\Maven\Maven-3.9.4\repository\org\slf4j\slf4j-api\2.0.11\slf4j-api-2.0.11.jar;D:\CodeEnvironments\Apache\Maven\Maven-3.9.4\repository\com\google\code\gson\gson\2.10.1\gson-2.10.1.jar;D:\CodeEnvironments\Apache\Maven\Maven-3.9.4\repository\com\auth0\java-jwt\3.18.1\java-jwt-3.18.1.jar;D:\CodeEnvironments\Apache\Maven\Maven-3.9.4\repository\com\fasterxml\jackson\core\jackson-databind\2.15.3\jackson-databind-2.15.3.jar;D:\CodeEnvironments\Apache\Maven\Maven-3.9.4\repository\com\fasterxml\jackson\core\jackson-annotations\2.15.3\jackson-annotations-2.15.3.jar;D:\CodeEnvironments\Apache\Maven\Maven-3.9.4\repository\com\fasterxml\jackson\core\jackson-core\2.15.3\jackson-core-2.15.3.jar;D:\CodeEnvironments\Apache\Maven\Maven-3.9.4\repository\org\springframework\boot\spring-boot-starter-actuator\3.2.2\spring-boot-starter-actuator-3.2.2.jar;D:\CodeEnvironments\Apache\Maven\Maven-3.9.4\repository\org\springframework\boot\spring-boot-actuator-autoconfigure\3.2.2\spring-boot-actuator-autoconfigure-3.2.2.jar;D:\CodeEnvironments\Apache\Maven\Maven-3.9.4\repository\org\springframework\boot\spring-boot-actuator\3.2.2\spring-boot-actuator-3.2.2.jar;D:\CodeEnvironments\Apache\Maven\Maven-3.9.4\repository\io\micrometer\micrometer-observation\1.12.2\micrometer-observation-1.12.2.jar;D:\CodeEnvironments\Apache\Maven\Maven-3.9.4\repository\io\micrometer\micrometer-commons\1.12.2\micrometer-commons-1.12.2.jar;D:\CodeEnvironments\Apache\Maven\Maven-3.9.4\repository\io\micrometer\micrometer-jakarta9\1.12.2\micrometer-jakarta9-1.12.2.jar;D:\CodeEnvironments\Apache\Maven\Maven-3.9.4\repository\io\micrometer\micrometer-core\1.12.2\micrometer-core-1.12.2.jar;D:\CodeEnvironments\Apache\Maven\Maven-3.9.4\repository\org\hdrhistogram\HdrHistogram\2.1.12\HdrHistogram-2.1.12.jar;D:\CodeEnvironments\Apache\Maven\Maven-3.9.4\repository\org\latencyutils\LatencyUtils\2.0.3\LatencyUtils-2.0.3.jar;D:\CodeEnvironments\Apache\Maven\Maven-3.9.4\repository\org\apache\httpcomponents\httpcore\4.3.3\httpcore-4.3.3.jar;"/>
    <property name="java.vm.vendor" value="Oracle Corporation"/>
    <property name="sun.arch.data.model" value="64"/>
    <property name="user.variant" value=""/>
    <property name="java.vendor.url" value="https://java.oracle.com/"/>
    <property name="user.timezone" value="Asia/Shanghai"/>
    <property name="os.name" value="Windows 11"/>
    <property name="java.vm.specification.version" value="21"/>
    <property name="sun.java.launcher" value="SUN_STANDARD"/>
    <property name="user.country" value="CN"/>
    <property name="sun.boot.library.path" value="D:\CodeEnvironments\Java\jdk-21\bin"/>
    <property name="sun.java.command" value="C:\Users\tiktw\AppData\Local\Temp\surefire7329257487960304386\surefirebooter-20240321095731514_3.jar C:\Users\tiktw\AppData\Local\Temp\surefire7329257487960304386 2024-03-21T09-57-26_575-jvmRun1 surefire-20240321095731514_1tmp surefire_0-20240321095731514_2tmp"/>
    <property name="jdk.debug" value="release"/>
    <property name="surefire.test.class.path" value="D:\Projects\springboot\Saved\proj-240310\target\test-classes;D:\Projects\springboot\Saved\proj-240310\target\classes;D:\CodeEnvironments\Apache\Maven\Maven-3.9.4\repository\org\springframework\boot\spring-boot-starter-web\3.2.2\spring-boot-starter-web-3.2.2.jar;D:\CodeEnvironments\Apache\Maven\Maven-3.9.4\repository\org\springframework\boot\spring-boot-starter\3.2.2\spring-boot-starter-3.2.2.jar;D:\CodeEnvironments\Apache\Maven\Maven-3.9.4\repository\org\springframework\boot\spring-boot\3.2.2\spring-boot-3.2.2.jar;D:\CodeEnvironments\Apache\Maven\Maven-3.9.4\repository\org\springframework\boot\spring-boot-autoconfigure\3.2.2\spring-boot-autoconfigure-3.2.2.jar;D:\CodeEnvironments\Apache\Maven\Maven-3.9.4\repository\org\springframework\boot\spring-boot-starter-logging\3.2.2\spring-boot-starter-logging-3.2.2.jar;D:\CodeEnvironments\Apache\Maven\Maven-3.9.4\repository\ch\qos\logback\logback-classic\1.4.14\logback-classic-1.4.14.jar;D:\CodeEnvironments\Apache\Maven\Maven-3.9.4\repository\ch\qos\logback\logback-core\1.4.14\logback-core-1.4.14.jar;D:\CodeEnvironments\Apache\Maven\Maven-3.9.4\repository\org\apache\logging\log4j\log4j-to-slf4j\2.21.1\log4j-to-slf4j-2.21.1.jar;D:\CodeEnvironments\Apache\Maven\Maven-3.9.4\repository\org\apache\logging\log4j\log4j-api\2.21.1\log4j-api-2.21.1.jar;D:\CodeEnvironments\Apache\Maven\Maven-3.9.4\repository\org\slf4j\jul-to-slf4j\2.0.11\jul-to-slf4j-2.0.11.jar;D:\CodeEnvironments\Apache\Maven\Maven-3.9.4\repository\jakarta\annotation\jakarta.annotation-api\2.1.1\jakarta.annotation-api-2.1.1.jar;D:\CodeEnvironments\Apache\Maven\Maven-3.9.4\repository\org\yaml\snakeyaml\2.2\snakeyaml-2.2.jar;D:\CodeEnvironments\Apache\Maven\Maven-3.9.4\repository\org\springframework\boot\spring-boot-starter-json\3.2.2\spring-boot-starter-json-3.2.2.jar;D:\CodeEnvironments\Apache\Maven\Maven-3.9.4\repository\com\fasterxml\jackson\datatype\jackson-datatype-jdk8\2.15.3\jackson-datatype-jdk8-2.15.3.jar;D:\CodeEnvironments\Apache\Maven\Maven-3.9.4\repository\com\fasterxml\jackson\datatype\jackson-datatype-jsr310\2.15.3\jackson-datatype-jsr310-2.15.3.jar;D:\CodeEnvironments\Apache\Maven\Maven-3.9.4\repository\com\fasterxml\jackson\module\jackson-module-parameter-names\2.15.3\jackson-module-parameter-names-2.15.3.jar;D:\CodeEnvironments\Apache\Maven\Maven-3.9.4\repository\org\springframework\boot\spring-boot-starter-tomcat\3.2.2\spring-boot-starter-tomcat-3.2.2.jar;D:\CodeEnvironments\Apache\Maven\Maven-3.9.4\repository\org\apache\tomcat\embed\tomcat-embed-core\10.1.18\tomcat-embed-core-10.1.18.jar;D:\CodeEnvironments\Apache\Maven\Maven-3.9.4\repository\org\apache\tomcat\embed\tomcat-embed-el\10.1.18\tomcat-embed-el-10.1.18.jar;D:\CodeEnvironments\Apache\Maven\Maven-3.9.4\repository\org\apache\tomcat\embed\tomcat-embed-websocket\10.1.18\tomcat-embed-websocket-10.1.18.jar;D:\CodeEnvironments\Apache\Maven\Maven-3.9.4\repository\org\springframework\spring-web\6.1.3\spring-web-6.1.3.jar;D:\CodeEnvironments\Apache\Maven\Maven-3.9.4\repository\org\springframework\spring-beans\6.1.3\spring-beans-6.1.3.jar;D:\CodeEnvironments\Apache\Maven\Maven-3.9.4\repository\org\springframework\spring-webmvc\6.1.3\spring-webmvc-6.1.3.jar;D:\CodeEnvironments\Apache\Maven\Maven-3.9.4\repository\org\springframework\spring-aop\6.1.3\spring-aop-6.1.3.jar;D:\CodeEnvironments\Apache\Maven\Maven-3.9.4\repository\org\springframework\spring-context\6.1.3\spring-context-6.1.3.jar;D:\CodeEnvironments\Apache\Maven\Maven-3.9.4\repository\org\springframework\spring-expression\6.1.3\spring-expression-6.1.3.jar;D:\CodeEnvironments\Apache\Maven\Maven-3.9.4\repository\com\mysql\mysql-connector-j\8.3.0\mysql-connector-j-8.3.0.jar;D:\CodeEnvironments\Apache\Maven\Maven-3.9.4\repository\org\projectlombok\lombok\1.18.30\lombok-1.18.30.jar;D:\CodeEnvironments\Apache\Maven\Maven-3.9.4\repository\org\springframework\boot\spring-boot-starter-test\3.2.2\spring-boot-starter-test-3.2.2.jar;D:\CodeEnvironments\Apache\Maven\Maven-3.9.4\repository\org\springframework\boot\spring-boot-test\3.2.2\spring-boot-test-3.2.2.jar;D:\CodeEnvironments\Apache\Maven\Maven-3.9.4\repository\org\springframework\boot\spring-boot-test-autoconfigure\3.2.2\spring-boot-test-autoconfigure-3.2.2.jar;D:\CodeEnvironments\Apache\Maven\Maven-3.9.4\repository\com\jayway\jsonpath\json-path\2.8.0\json-path-2.8.0.jar;D:\CodeEnvironments\Apache\Maven\Maven-3.9.4\repository\jakarta\xml\bind\jakarta.xml.bind-api\4.0.1\jakarta.xml.bind-api-4.0.1.jar;D:\CodeEnvironments\Apache\Maven\Maven-3.9.4\repository\jakarta\activation\jakarta.activation-api\2.1.2\jakarta.activation-api-2.1.2.jar;D:\CodeEnvironments\Apache\Maven\Maven-3.9.4\repository\net\minidev\json-smart\2.5.0\json-smart-2.5.0.jar;D:\CodeEnvironments\Apache\Maven\Maven-3.9.4\repository\net\minidev\accessors-smart\2.5.0\accessors-smart-2.5.0.jar;D:\CodeEnvironments\Apache\Maven\Maven-3.9.4\repository\org\ow2\asm\asm\9.3\asm-9.3.jar;D:\CodeEnvironments\Apache\Maven\Maven-3.9.4\repository\org\assertj\assertj-core\3.24.2\assertj-core-3.24.2.jar;D:\CodeEnvironments\Apache\Maven\Maven-3.9.4\repository\net\bytebuddy\byte-buddy\1.14.11\byte-buddy-1.14.11.jar;D:\CodeEnvironments\Apache\Maven\Maven-3.9.4\repository\org\awaitility\awaitility\4.2.0\awaitility-4.2.0.jar;D:\CodeEnvironments\Apache\Maven\Maven-3.9.4\repository\org\hamcrest\hamcrest\2.2\hamcrest-2.2.jar;D:\CodeEnvironments\Apache\Maven\Maven-3.9.4\repository\org\junit\jupiter\junit-jupiter\5.10.1\junit-jupiter-5.10.1.jar;D:\CodeEnvironments\Apache\Maven\Maven-3.9.4\repository\org\junit\jupiter\junit-jupiter-api\5.10.1\junit-jupiter-api-5.10.1.jar;D:\CodeEnvironments\Apache\Maven\Maven-3.9.4\repository\org\opentest4j\opentest4j\1.3.0\opentest4j-1.3.0.jar;D:\CodeEnvironments\Apache\Maven\Maven-3.9.4\repository\org\junit\platform\junit-platform-commons\1.10.1\junit-platform-commons-1.10.1.jar;D:\CodeEnvironments\Apache\Maven\Maven-3.9.4\repository\org\apiguardian\apiguardian-api\1.1.2\apiguardian-api-1.1.2.jar;D:\CodeEnvironments\Apache\Maven\Maven-3.9.4\repository\org\junit\jupiter\junit-jupiter-params\5.10.1\junit-jupiter-params-5.10.1.jar;D:\CodeEnvironments\Apache\Maven\Maven-3.9.4\repository\org\junit\jupiter\junit-jupiter-engine\5.10.1\junit-jupiter-engine-5.10.1.jar;D:\CodeEnvironments\Apache\Maven\Maven-3.9.4\repository\org\junit\platform\junit-platform-engine\1.10.1\junit-platform-engine-1.10.1.jar;D:\CodeEnvironments\Apache\Maven\Maven-3.9.4\repository\org\mockito\mockito-core\5.7.0\mockito-core-5.7.0.jar;D:\CodeEnvironments\Apache\Maven\Maven-3.9.4\repository\net\bytebuddy\byte-buddy-agent\1.14.11\byte-buddy-agent-1.14.11.jar;D:\CodeEnvironments\Apache\Maven\Maven-3.9.4\repository\org\objenesis\objenesis\3.3\objenesis-3.3.jar;D:\CodeEnvironments\Apache\Maven\Maven-3.9.4\repository\org\mockito\mockito-junit-jupiter\5.7.0\mockito-junit-jupiter-5.7.0.jar;D:\CodeEnvironments\Apache\Maven\Maven-3.9.4\repository\org\skyscreamer\jsonassert\1.5.1\jsonassert-1.5.1.jar;D:\CodeEnvironments\Apache\Maven\Maven-3.9.4\repository\com\vaadin\external\google\android-json\0.0.20131108.vaadin1\android-json-0.0.20131108.vaadin1.jar;D:\CodeEnvironments\Apache\Maven\Maven-3.9.4\repository\org\springframework\spring-core\6.1.3\spring-core-6.1.3.jar;D:\CodeEnvironments\Apache\Maven\Maven-3.9.4\repository\org\springframework\spring-jcl\6.1.3\spring-jcl-6.1.3.jar;D:\CodeEnvironments\Apache\Maven\Maven-3.9.4\repository\org\springframework\spring-test\6.1.3\spring-test-6.1.3.jar;D:\CodeEnvironments\Apache\Maven\Maven-3.9.4\repository\org\xmlunit\xmlunit-core\2.9.1\xmlunit-core-2.9.1.jar;D:\CodeEnvironments\Apache\Maven\Maven-3.9.4\repository\com\mybatis-flex\mybatis-flex-spring-boot3-starter\1.7.8\mybatis-flex-spring-boot3-starter-1.7.8.jar;D:\CodeEnvironments\Apache\Maven\Maven-3.9.4\repository\com\mybatis-flex\mybatis-flex-spring-boot-starter\1.7.8\mybatis-flex-spring-boot-starter-1.7.8.jar;D:\CodeEnvironments\Apache\Maven\Maven-3.9.4\repository\com\mybatis-flex\mybatis-flex-spring\1.7.8\mybatis-flex-spring-1.7.8.jar;D:\CodeEnvironments\Apache\Maven\Maven-3.9.4\repository\org\springframework\spring-context-support\6.1.3\spring-context-support-6.1.3.jar;D:\CodeEnvironments\Apache\Maven\Maven-3.9.4\repository\org\springframework\spring-jdbc\6.1.3\spring-jdbc-6.1.3.jar;D:\CodeEnvironments\Apache\Maven\Maven-3.9.4\repository\org\springframework\spring-tx\6.1.3\spring-tx-6.1.3.jar;D:\CodeEnvironments\Apache\Maven\Maven-3.9.4\repository\com\mybatis-flex\mybatis-flex-core\1.7.8\mybatis-flex-core-1.7.8.jar;D:\CodeEnvironments\Apache\Maven\Maven-3.9.4\repository\com\mybatis-flex\mybatis-flex-annotation\1.7.8\mybatis-flex-annotation-1.7.8.jar;D:\CodeEnvironments\Apache\Maven\Maven-3.9.4\repository\com\mybatis-flex\mybatis-flex-processor\1.7.8\mybatis-flex-processor-1.7.8.jar;D:\CodeEnvironments\Apache\Maven\Maven-3.9.4\repository\org\mybatis\mybatis\3.5.15\mybatis-3.5.15.jar;D:\CodeEnvironments\Apache\Maven\Maven-3.9.4\repository\org\mybatis\mybatis-spring\3.0.3\mybatis-spring-3.0.3.jar;D:\CodeEnvironments\Apache\Maven\Maven-3.9.4\repository\com\zaxxer\HikariCP\5.0.1\HikariCP-5.0.1.jar;D:\CodeEnvironments\Apache\Maven\Maven-3.9.4\repository\org\slf4j\slf4j-api\2.0.11\slf4j-api-2.0.11.jar;D:\CodeEnvironments\Apache\Maven\Maven-3.9.4\repository\com\google\code\gson\gson\2.10.1\gson-2.10.1.jar;D:\CodeEnvironments\Apache\Maven\Maven-3.9.4\repository\com\auth0\java-jwt\3.18.1\java-jwt-3.18.1.jar;D:\CodeEnvironments\Apache\Maven\Maven-3.9.4\repository\com\fasterxml\jackson\core\jackson-databind\2.15.3\jackson-databind-2.15.3.jar;D:\CodeEnvironments\Apache\Maven\Maven-3.9.4\repository\com\fasterxml\jackson\core\jackson-annotations\2.15.3\jackson-annotations-2.15.3.jar;D:\CodeEnvironments\Apache\Maven\Maven-3.9.4\repository\com\fasterxml\jackson\core\jackson-core\2.15.3\jackson-core-2.15.3.jar;D:\CodeEnvironments\Apache\Maven\Maven-3.9.4\repository\org\springframework\boot\spring-boot-starter-actuator\3.2.2\spring-boot-starter-actuator-3.2.2.jar;D:\CodeEnvironments\Apache\Maven\Maven-3.9.4\repository\org\springframework\boot\spring-boot-actuator-autoconfigure\3.2.2\spring-boot-actuator-autoconfigure-3.2.2.jar;D:\CodeEnvironments\Apache\Maven\Maven-3.9.4\repository\org\springframework\boot\spring-boot-actuator\3.2.2\spring-boot-actuator-3.2.2.jar;D:\CodeEnvironments\Apache\Maven\Maven-3.9.4\repository\io\micrometer\micrometer-observation\1.12.2\micrometer-observation-1.12.2.jar;D:\CodeEnvironments\Apache\Maven\Maven-3.9.4\repository\io\micrometer\micrometer-commons\1.12.2\micrometer-commons-1.12.2.jar;D:\CodeEnvironments\Apache\Maven\Maven-3.9.4\repository\io\micrometer\micrometer-jakarta9\1.12.2\micrometer-jakarta9-1.12.2.jar;D:\CodeEnvironments\Apache\Maven\Maven-3.9.4\repository\io\micrometer\micrometer-core\1.12.2\micrometer-core-1.12.2.jar;D:\CodeEnvironments\Apache\Maven\Maven-3.9.4\repository\org\hdrhistogram\HdrHistogram\2.1.12\HdrHistogram-2.1.12.jar;D:\CodeEnvironments\Apache\Maven\Maven-3.9.4\repository\org\latencyutils\LatencyUtils\2.0.3\LatencyUtils-2.0.3.jar;D:\CodeEnvironments\Apache\Maven\Maven-3.9.4\repository\org\apache\httpcomponents\httpcore\4.3.3\httpcore-4.3.3.jar;"/>
    <property name="sun.cpu.endian" value="little"/>
    <property name="user.home" value="C:\Users\tiktw"/>
    <property name="user.language" value="zh"/>
    <property name="java.specification.vendor" value="Oracle Corporation"/>
    <property name="java.version.date" value="2023-10-17"/>
    <property name="java.home" value="D:\CodeEnvironments\Java\jdk-21"/>
    <property name="file.separator" value="\"/>
    <property name="basedir" value="D:\Projects\springboot\Saved\proj-240310"/>
    <property name="java.vm.compressedOopsMode" value="Zero based"/>
    <property name="line.separator" value="&#10;"/>
    <property name="java.vm.specification.vendor" value="Oracle Corporation"/>
    <property name="java.specification.name" value="Java Platform API Specification"/>
    <property name="FILE_LOG_CHARSET" value="UTF-8"/>
    <property name="java.awt.headless" value="true"/>
    <property name="surefire.real.class.path" value="C:\Users\tiktw\AppData\Local\Temp\surefire7329257487960304386\surefirebooter-20240321095731514_3.jar"/>
    <property name="user.script" value=""/>
    <property name="sun.management.compiler" value="HotSpot 64-Bit Tiered Compilers"/>
    <property name="java.runtime.version" value="21.0.1+12-LTS-29"/>
    <property name="user.name" value="LiJP"/>
    <property name="stdout.encoding" value="GBK"/>
    <property name="path.separator" value=";"/>
    <property name="os.version" value="10.0"/>
    <property name="java.runtime.name" value="Java(TM) SE Runtime Environment"/>
    <property name="file.encoding" value="UTF-8"/>
    <property name="java.vm.name" value="Java HotSpot(TM) 64-Bit Server VM"/>
    <property name="localRepository" value="D:\CodeEnvironments\Apache\Maven\Maven-3.9.4\repository"/>
    <property name="java.vendor.url.bug" value="https://bugreport.java.com/bugreport/"/>
    <property name="java.io.tmpdir" value="C:\Users\tiktw\AppData\Local\Temp\"/>
    <property name="idea.version" value="2023.3.5"/>
    <property name="java.version" value="21.0.1"/>
    <property name="user.dir" value="D:\Projects\springboot\Saved\proj-240310"/>
    <property name="os.arch" value="amd64"/>
    <property name="java.vm.specification.name" value="Java Virtual Machine Specification"/>
    <property name="PID" value="2500"/>
    <property name="sun.os.patch.level" value=""/>
    <property name="CONSOLE_LOG_CHARSET" value="UTF-8"/>
    <property name="native.encoding" value="GBK"/>
    <property name="java.library.path" value="D:\CodeEnvironments\Java\jdk-21\bin;C:\WINDOWS\Sun\Java\bin;C:\WINDOWS\system32;C:\WINDOWS;c:\Users\tiktw\AppData\Local\Programs\cursor\resources\app\bin;C:\Program Files\Common Files\Oracle\Java\javapath;D:\CodeEnvironments\Python\;D:\CodeEnvironments\Python\Scripts\;C:\WINDOWS\system32;C:\WINDOWS;C:\WINDOWS\System32\Wbem;C:\WINDOWS\System32\WindowsPowerShell\v1.0\;C:\WINDOWS\System32\OpenSSH\;D:\CodeEnvironments\Java\jdk-21\bin;C:\Program Files\MySQL\MySQL Server 8.0\bin;C:\ProgramData\chocolatey\bin;D:\CodeEnvironments\Apache\Maven\Maven-3.9.4\bin;D:\CodeCompilers\Tomcat-10\bin;D:\CodeCompilers\WexinWeb\dll;C:\Program Files\MySQL\MySQL Shell 8.0\bin\;C:\Users\tiktw\AppData\Local\Microsoft\WindowsApps;D:\CodeCompilers\Jet Brains\IntelliJ IDEA 2023.2\bin;D:\CodeCompilers\Jet Brains\PyCharm 2023.1.4\bin;D:\CodeCompilers\Jet Brains\DataGrip 2023.2\bin;D:\CodeCompilers\Jet Brains\WriterSide 2023\Writerside 232.10165\bin;C:\Users\tiktw\AppData\Roaming\npm;C:\Users\tiktw\AppData\Local\GitHubDesktop\bin;c:\Users\tiktw\AppData\Local\Programs\cursor\resources\app\bin;c:\Users\tiktw\AppData\Local\Programs\cursor\resources\app\bin;D:\CodeEnvironments\NodeJS\;C:\Program Files\MySQL\MySQL Shell 8.0\bin\;C:\Users\tiktw\AppData\Local\Microsoft\WindowsApps;D:\CodeCompilers\Jet Brains\IntelliJ IDEA 2023.2\bin;;D:\CodeCompilers\Jet Brains\PyCharm 2023.1.4\bin;;D:\CodeCompilers\Jet Brains\DataGrip 2023.2\bin;;D:\CodeCompilers\Microsoft VS Code\bin;D:\CodeCompilers\Jet Brains\WriterSide 2023\Writerside 232.10165\bin;;C:\Users\tiktw\AppData\Local\GitHubDesktop\bin;D:\CodeCompilers\Huawei\DevEco Studio\bin;;C:\Users\tiktw\AppData\Roaming\npm;."/>
    <property name="java.vm.info" value="mixed mode, sharing"/>
    <property name="stderr.encoding" value="GBK"/>
    <property name="java.vendor" value="Oracle Corporation"/>
    <property name="java.vm.version" value="21.0.1+12-LTS-29"/>
    <property name="sun.io.unicode.encoding" value="UnicodeLittle"/>
    <property name="maven.repo.local" value="D:\CodeEnvironments\Apache\Maven\Maven-3.9.4\repository"/>
    <property name="java.class.version" value="65.0"/>
  </properties>
  <testcase name="contextLoads" classname="com.mybatisflex.demo.Proj240202ApplicationTests" time="1.141">
    <system-out><![CDATA[09:57:32.428 [main] INFO org.springframework.test.context.support.AnnotationConfigContextLoaderUtils -- Could not detect default configuration classes for test class [com.mybatisflex.demo.Proj240202ApplicationTests]: Proj240202ApplicationTests does not declare any static, non-private, non-final, nested classes annotated with @Configuration.
09:57:32.529 [main] INFO org.springframework.boot.test.context.SpringBootTestContextBootstrapper -- Found @SpringBootConfiguration com.mybatisflex.demo.Proj240310Application for test class com.mybatisflex.demo.Proj240202ApplicationTests

  .   ____          _            __ _ _
 /\\ / ___'_ __ _ _(_)_ __  __ _ \ \ \ \
( ( )\___ | '_ | '_| | '_ \/ _` | \ \ \ \
 \\/  ___)| |_)| | | | | || (_| |  ) ) ) )
  '  |____| .__|_| |_|_| |_\__, | / / / /
 =========|_|==============|___/=/_/_/_/
 :: Spring Boot ::                (v3.2.2)

2024-03-21T09:57:32.932+08:00  INFO 2500 --- [           main] c.m.demo.Proj240202ApplicationTests      : Starting Proj240202ApplicationTests using Java 21.0.1 with PID 2500 (started by LiJP in D:\Projects\springboot\Saved\proj-240310)
2024-03-21T09:57:32.934+08:00  INFO 2500 --- [           main] c.m.demo.Proj240202ApplicationTests      : No active profile set, falling back to 1 default profile: "default"
2024-03-21T09:57:34.223+08:00  WARN 2500 --- [           main] trationDelegate$BeanPostProcessorChecker : Bean 'com.mybatisflex.spring.boot.FlexTransactionAutoConfiguration' of type [com.mybatisflex.spring.boot.FlexTransactionAutoConfiguration] is not eligible for getting processed by all BeanPostProcessors (for example: not eligible for auto-proxying). Is this bean getting eagerly injected into a currently created BeanPostProcessor [healthEndpointGroupsBeanPostProcessor]? Check the corresponding BeanPostProcessor declaration and its dependencies.
  __  __       _           _   _       _____ _           
 |  \/  |_   _| |__   __ _| |_(_)___  |  ___| | _____  __
 | |\/| | | | | '_ \ / _` | __| / __| | |_  | |/ _ \ \/ /
 | |  | | |_| | |_) | (_| | |_| \__ \ |  _| | |  __/>  < 
 |_|  |_|\__, |_.__/ \__,_|\__|_|___/ |_|   |_|\___/_/\_\
         |___/ v1.7.8 https://mybatis-flex.com
2024-03-21T09:57:36.109+08:00  INFO 2500 --- [           main] o.s.b.a.e.web.EndpointLinksResolver      : Exposing 1 endpoint(s) beneath base path '/actuator'
2024-03-21T09:57:36.243+08:00  INFO 2500 --- [           main] c.m.demo.Proj240202ApplicationTests      : Started Proj240202ApplicationTests in 3.588 seconds (process running for 4.629)
rows
]]></system-out>
    <system-err><![CDATA[WARNING: A Java agent has been loaded dynamically (D:\CodeEnvironments\Apache\Maven\Maven-3.9.4\repository\net\bytebuddy\byte-buddy-agent\1.14.11\byte-buddy-agent-1.14.11.jar)
WARNING: If a serviceability tool is in use, please run with -XX:+EnableDynamicAgentLoading to hide this warning
WARNING: If a serviceability tool is not in use, please run with -Djdk.instrument.traceUsage for more information
WARNING: Dynamic loading of agents will be disallowed by default in a future release
]]></system-err>
  </testcase>
</testsuite>